0 verbose cli C:\Program Files\nodejs\node.exe C:\Program Files\nodejs\node_modules\npm\bin\npm-cli.js
1 info using npm@11.11.0
2 info using node@v24.14.1
3 silly config load:file:C:\Program Files\nodejs\node_modules\npm\npmrc
4 silly config load:file:D:\Tawil\proyecto\CazadorEbay\.npmrc
5 silly config load:file:C:\Users\Tawil\.npmrc
6 silly config load:file:D:\Tawil\proyecto\CazadorEbay\etc\npmrc
7 verbose title npm install
8 verbose argv "install" "--prefix" "D:\\Tawil\\proyecto\\CazadorEbay" "--ignore-scripts" "--cache" "D:\\Tawil\\proyecto\\CazadorEbay\\.npm-cache"
9 verbose logfile logs-max:10 dir:D:\Tawil\proyecto\CazadorEbay\.npm-cache\_logs\2026-04-24T13_53_32_784Z-
10 verbose logfile D:\Tawil\proyecto\CazadorEbay\.npm-cache\_logs\2026-04-24T13_53_32_784Z-debug-0.log
11 silly logfile done cleaning log files
12 silly packumentCache heap:4496293888 maxSize:1124073472 maxEntrySize:562036736
13 verbose stack Error: EPERM: operation not permitted, lstat 'D:\Tawil'
13 verbose stack     at async lstat (node:internal/fs/promises:1029:18)
13 verbose stack     at async #loadActual (C:\Program Files\nodejs\node_modules\npm\node_modules\@npmcli\arborist\lib\arborist\load-actual.js:116:15)
13 verbose stack     at async Promise.all (index 0)
13 verbose stack     at async Arborist.reify (C:\Program Files\nodejs\node_modules\npm\node_modules\@npmcli\arborist\lib\arborist\reify.js:110:5)
13 verbose stack     at async Install.exec (C:\Program Files\nodejs\node_modules\npm\lib\commands\install.js:152:5)
13 verbose stack     at async Npm.exec (C:\Program Files\nodejs\node_modules\npm\lib\npm.js:209:9)
13 verbose stack     at async module.exports (C:\Program Files\nodejs\node_modules\npm\lib\cli\entry.js:67:5)
14 error code EPERM
15 error syscall lstat
16 error path D:\Tawil
17 error errno -4048
18 error Error: EPERM: operation not permitted, lstat 'D:\Tawil'
18 error     at async lstat (node:internal/fs/promises:1029:18)
18 error     at async #loadActual (C:\Program Files\nodejs\node_modules\npm\node_modules\@npmcli\arborist\lib\arborist\load-actual.js:116:15)
18 error     at async Promise.all (index 0)
18 error     at async Arborist.reify (C:\Program Files\nodejs\node_modules\npm\node_modules\@npmcli\arborist\lib\arborist\reify.js:110:5)
18 error     at async Install.exec (C:\Program Files\nodejs\node_modules\npm\lib\commands\install.js:152:5)
18 error     at async Npm.exec (C:\Program Files\nodejs\node_modules\npm\lib\npm.js:209:9)
18 error     at async module.exports (C:\Program Files\nodejs\node_modules\npm\lib\cli\entry.js:67:5) {
18 error   errno: -4048,
18 error   code: 'EPERM',
18 error   syscall: 'lstat',
18 error   path: 'D:\\Tawil'
18 error }
19 error
19 error The operation was rejected by your operating system.
19 error It's possible that the file was already in use (by a text editor or antivirus),
19 error or that you lack permissions to access it.
19 error
19 error If you believe this might be a permissions issue, please double-check the
19 error permissions of the file and its containing directories, or try running
19 error the command again as root/Administrator.
20 silly unfinished npm timer reify 1777038813197
21 silly unfinished npm timer reify:loadTrees 1777038813197
22 silly unfinished npm timer idealTree:init 1777038813198
23 verbose cwd C:\
24 verbose os Windows_NT 10.0.19045
25 verbose node v24.14.1
26 verbose npm  v11.11.0
27 verbose exit -4048
28 verbose code -4048
29 error A complete log of this run can be found in: D:\Tawil\proyecto\CazadorEbay\.npm-cache\_logs\2026-04-24T13_53_32_784Z-debug-0.log
